生成启动时间为 8/15/2018 9:44:16 PM。
     1>项目“C:\Users\HermanSun\Documents\Visual Studio 2013\Projects\snow\snow\snow.vcxproj”在节点 2 上(Build 个目标)。
     1>ClCompile:
         C:\Program Files (x86)\Microsoft Visual Studio 12.0\VC\bin\CL.exe /c /ZI /nologo /W3 /WX- /sdl /Od /Oy- /D WIN32 /D _DEBUG /D _CONSOLE /D _LIB /D _UNICODE /D UNICODE /Gm /EHsc /RTC1 /MDd /GS /fp:precise /Zc:wchar_t /Zc:forScope /Fo"Debug\\" /Fd"Debug\vc120.pdb" /Gd /TP /analyze- /errorReport:prompt snow.cpp
         snow.cpp
     1>c:\users\hermansun\documents\visual studio 2013\projects\snow\snow\snow.cpp(93): warning C4244: “=”: 从“double”转换到“__int64”，可能丢失数据
     1>c:\users\hermansun\documents\visual studio 2013\projects\snow\snow\snow.cpp(98): warning C4244: “=”: 从“double”转换到“__int64”，可能丢失数据
     1>c:\users\hermansun\documents\visual studio 2013\projects\snow\snow\snow.cpp(100): warning C4244: “=”: 从“double”转换到“__int64”，可能丢失数据
     1>c:\users\hermansun\documents\visual studio 2013\projects\snow\snow\snow.cpp(102): warning C4244: “=”: 从“double”转换到“__int64”，可能丢失数据
     1>c:\users\hermansun\documents\visual studio 2013\projects\snow\snow\snow.cpp(104): warning C4244: “=”: 从“double”转换到“__int64”，可能丢失数据
     1>c:\users\hermansun\documents\visual studio 2013\projects\snow\snow\snow.cpp(106): warning C4244: “=”: 从“double”转换到“__int64”，可能丢失数据
     1>c:\users\hermansun\documents\visual studio 2013\projects\snow\snow\snow.cpp(108): warning C4244: “=”: 从“double”转换到“__int64”，可能丢失数据
     1>c:\users\hermansun\documents\visual studio 2013\projects\snow\snow\snow.cpp(110): warning C4244: “=”: 从“double”转换到“__int64”，可能丢失数据
     1>c:\users\hermansun\documents\visual studio 2013\projects\snow\snow\snow.cpp(112): warning C4244: “=”: 从“double”转换到“__int64”，可能丢失数据
       Link:
         C:\Program Files (x86)\Microsoft Visual Studio 12.0\VC\bin\link.exe /ERRORREPORT:PROMPT /OUT:"C:\Users\HermanSun\Documents\Visual Studio 2013\Projects\snow\Debug\snow.exe" /INCREMENTAL /NOLOGO kernel32.lib user32.lib gdi32.lib winspool.lib comdlg32.lib advapi32.lib shell32.lib ole32.lib oleaut32.lib uuid.lib odbc32.lib odbccp32.lib /MANIFEST /MANIFESTUAC:"level='asInvoker' uiAccess='false'" /manifest:embed /DEBUG /PDB:"C:\Users\HermanSun\Documents\Visual Studio 2013\Projects\snow\Debug\snow.pdb" /SUBSYSTEM:CONSOLE /TLBID:1 /DYNAMICBASE /NXCOMPAT /IMPLIB:"C:\Users\HermanSun\Documents\Visual Studio 2013\Projects\snow\Debug\snow.lib" /MACHINE:X86 Debug\snow.obj
         snow.vcxproj -> C:\Users\HermanSun\Documents\Visual Studio 2013\Projects\snow\Debug\snow.exe
     1>已完成生成项目“C:\Users\HermanSun\Documents\Visual Studio 2013\Projects\snow\snow\snow.vcxproj”(Build 个目标)的操作。

生成成功。

已用时间 00:00:01.46
